<?xml version="1.0" encoding="UTF-8"?>
<testsuite name="(empty)"
	tests="46"
	failures="0"
	disabled="0"
	skipped="0"
	hostname=""
	time="0"
	timestamp="2024-11-08T06:30:48"
	>
	<testcase name="utility_tests" classname="utility_tests" time="0.015509" status="run">
		<properties/>
		<system-out>Running main() from C:\Users\yoruk\Desktop\1\ce205-midterm-\src\tests\googletest\googletest\src\gtest_main.cc
[==========] Running 0 tests from 0 test suites.
[==========] 0 tests from 0 test suites ran. (0 ms total)
[  PASSED  ] 0 tests.
</system-out>
	</testcase>
	<testcase name="PublicTransportationSchedulerTest.TestGlobalDefinitionsInitialization" classname="PublicTransportationSchedulerTest.TestGlobalDefinitionsInitialization" time="0.0225851" status="run">
		<properties/>
		<system-out>Running main() from C:\Users\yoruk\Desktop\1\ce205-midterm-\src\tests\googletest\googletest\src\gtest_main.cc
Note: Google Test filter = PublicTransportationSchedulerTest.TestGlobalDefinitionsInitialization
[==========] Running 1 test from 1 test suite.
[----------] Global test environment set-up.
[----------] 1 test from PublicTransportationSchedulerTest
[ RUN      ] PublicTransportationSchedulerTest.TestGlobalDefinitionsInitialization
[       OK ] PublicTransportationSchedulerTest.TestGlobalDefinitionsInitialization (0 ms)
[----------] 1 test from PublicTransportationSchedulerTest (0 ms total)

[----------] Global test environment tear-down
[==========] 1 test from 1 test suite ran. (0 ms total)
[  PASSED  ] 1 test.
</system-out>
	</testcase>
	<testcase name="PublicTransportationSchedulerTest.TestAddUserToHashTable" classname="PublicTransportationSchedulerTest.TestAddUserToHashTable" time="0.0284655" status="run">
		<properties/>
		<system-out>Running main() from C:\Users\yoruk\Desktop\1\ce205-midterm-\src\tests\googletest\googletest\src\gtest_main.cc
Note: Google Test filter = PublicTransportationSchedulerTest.TestAddUserToHashTable
[==========] Running 1 test from 1 test suite.
[----------] Global test environment set-up.
[----------] 1 test from PublicTransportationSchedulerTest
[ RUN      ] PublicTransportationSchedulerTest.TestAddUserToHashTable
[       OK ] PublicTransportationSchedulerTest.TestAddUserToHashTable (0 ms)
[----------] 1 test from PublicTransportationSchedulerTest (0 ms total)

[----------] Global test environment tear-down
[==========] 1 test from 1 test suite ran. (0 ms total)
[  PASSED  ] 1 test.
</system-out>
	</testcase>
	<testcase name="PublicTransportationSchedulerTest.TestEditBand" classname="PublicTransportationSchedulerTest.TestEditBand" time="0.0118924" status="run">
		<properties/>
		<system-out>Running main() from C:\Users\yoruk\Desktop\1\ce205-midterm-\src\tests\googletest\googletest\src\gtest_main.cc
Note: Google Test filter = PublicTransportationSchedulerTest.TestEditBand
[==========] Running 1 test from 1 test suite.
[----------] Global test environment set-up.
[----------] 1 test from PublicTransportationSchedulerTest
[ RUN      ] PublicTransportationSchedulerTest.TestEditBand
Band/Artist OldBand added.
Band/Artist OldBand updated to NewBand.
[       OK ] PublicTransportationSchedulerTest.TestEditBand (0 ms)
[----------] 1 test from PublicTransportationSchedulerTest (0 ms total)

[----------] Global test environment tear-down
[==========] 1 test from 1 test suite ran. (0 ms total)
[  PASSED  ] 1 test.
</system-out>
	</testcase>
	<testcase name="PublicTransportationSchedulerTest.TestAddAndFindRoute" classname="PublicTransportationSchedulerTest.TestAddAndFindRoute" time="0.0198661" status="run">
		<properties/>
		<system-out>Running main() from C:\Users\yoruk\Desktop\1\ce205-midterm-\src\tests\googletest\googletest\src\gtest_main.cc
Note: Google Test filter = PublicTransportationSchedulerTest.TestAddAndFindRoute
[==========] Running 1 test from 1 test suite.
[----------] Global test environment set-up.
[----------] 1 test from PublicTransportationSchedulerTest
[ RUN      ] PublicTransportationSchedulerTest.TestAddAndFindRoute
[       OK ] PublicTransportationSchedulerTest.TestAddAndFindRoute (0 ms)
[----------] 1 test from PublicTransportationSchedulerTest (0 ms total)

[----------] Global test environment tear-down
[==========] 1 test from 1 test suite ran. (0 ms total)
[  PASSED  ] 1 test.
</system-out>
	</testcase>
	<testcase name="PublicTransportationSchedulerTest.TestInsertXORNode" classname="PublicTransportationSchedulerTest.TestInsertXORNode" time="0.017328" status="run">
		<properties/>
		<system-out>Running main() from C:\Users\yoruk\Desktop\1\ce205-midterm-\src\tests\googletest\googletest\src\gtest_main.cc
Note: Google Test filter = PublicTransportationSchedulerTest.TestInsertXORNode
[==========] Running 1 test from 1 test suite.
[----------] Global test environment set-up.
[----------] 1 test from PublicTransportationSchedulerTest
[ RUN      ] PublicTransportationSchedulerTest.TestInsertXORNode
[       OK ] PublicTransportationSchedulerTest.TestInsertXORNode (0 ms)
[----------] 1 test from PublicTransportationSchedulerTest (0 ms total)

[----------] Global test environment tear-down
[==========] 1 test from 1 test suite ran. (0 ms total)
[  PASSED  ] 1 test.
</system-out>
	</testcase>
	<testcase name="PublicTransportationSchedulerTest.TestInsertSparseNode" classname="PublicTransportationSchedulerTest.TestInsertSparseNode" time="0.0230106" status="run">
		<properties/>
		<system-out>Running main() from C:\Users\yoruk\Desktop\1\ce205-midterm-\src\tests\googletest\googletest\src\gtest_main.cc
Note: Google Test filter = PublicTransportationSchedulerTest.TestInsertSparseNode
[==========] Running 1 test from 1 test suite.
[----------] Global test environment set-up.
[----------] 1 test from PublicTransportationSchedulerTest
[ RUN      ] PublicTransportationSchedulerTest.TestInsertSparseNode
[       OK ] PublicTransportationSchedulerTest.TestInsertSparseNode (0 ms)
[----------] 1 test from PublicTransportationSchedulerTest (0 ms total)

[----------] Global test environment tear-down
[==========] 1 test from 1 test suite ran. (0 ms total)
[  PASSED  ] 1 test.
</system-out>
	</testcase>
	<testcase name="PublicTransportationSchedulerTest.TestStackOperations" classname="PublicTransportationSchedulerTest.TestStackOperations" time="0.0159012" status="run">
		<properties/>
		<system-out>Running main() from C:\Users\yoruk\Desktop\1\ce205-midterm-\src\tests\googletest\googletest\src\gtest_main.cc
Note: Google Test filter = PublicTransportationSchedulerTest.TestStackOperations
[==========] Running 1 test from 1 test suite.
[----------] Global test environment set-up.
[----------] 1 test from PublicTransportationSchedulerTest
[ RUN      ] PublicTransportationSchedulerTest.TestStackOperations
[       OK ] PublicTransportationSchedulerTest.TestStackOperations (0 ms)
[----------] 1 test from PublicTransportationSchedulerTest (0 ms total)

[----------] Global test environment tear-down
[==========] 1 test from 1 test suite ran. (0 ms total)
[  PASSED  ] 1 test.
</system-out>
	</testcase>
	<testcase name="PublicTransportationSchedulerTest.TestQueueOperations" classname="PublicTransportationSchedulerTest.TestQueueOperations" time="0.0132129" status="run">
		<properties/>
		<system-out>Running main() from C:\Users\yoruk\Desktop\1\ce205-midterm-\src\tests\googletest\googletest\src\gtest_main.cc
Note: Google Test filter = PublicTransportationSchedulerTest.TestQueueOperations
[==========] Running 1 test from 1 test suite.
[----------] Global test environment set-up.
[----------] 1 test from PublicTransportationSchedulerTest
[ RUN      ] PublicTransportationSchedulerTest.TestQueueOperations
[       OK ] PublicTransportationSchedulerTest.TestQueueOperations (0 ms)
[----------] 1 test from PublicTransportationSchedulerTest (0 ms total)

[----------] Global test environment tear-down
[==========] 1 test from 1 test suite ran. (0 ms total)
[  PASSED  ] 1 test.
</system-out>
	</testcase>
	<testcase name="PublicTransportationSchedulerTest.TestHeapOperations" classname="PublicTransportationSchedulerTest.TestHeapOperations" time="0.0198662" status="run">
		<properties/>
		<system-out>Running main() from C:\Users\yoruk\Desktop\1\ce205-midterm-\src\tests\googletest\googletest\src\gtest_main.cc
Note: Google Test filter = PublicTransportationSchedulerTest.TestHeapOperations
[==========] Running 1 test from 1 test suite.
[----------] Global test environment set-up.
[----------] 1 test from PublicTransportationSchedulerTest
[ RUN      ] PublicTransportationSchedulerTest.TestHeapOperations
[       OK ] PublicTransportationSchedulerTest.TestHeapOperations (0 ms)
[----------] 1 test from PublicTransportationSchedulerTest (0 ms total)

[----------] Global test environment tear-down
[==========] 1 test from 1 test suite ran. (0 ms total)
[  PASSED  ] 1 test.
</system-out>
	</testcase>
	<testcase name="PublicTransportationSchedulerTest.TestScheduleManagement" classname="PublicTransportationSchedulerTest.TestScheduleManagement" time="0.0212355" status="run">
		<properties/>
		<system-out>Running main() from C:\Users\yoruk\Desktop\1\ce205-midterm-\src\tests\googletest\googletest\src\gtest_main.cc
Note: Google Test filter = PublicTransportationSchedulerTest.TestScheduleManagement
[==========] Running 1 test from 1 test suite.
[----------] Global test environment set-up.
[----------] 1 test from PublicTransportationSchedulerTest
[ RUN      ] PublicTransportationSchedulerTest.TestScheduleManagement
Schedule created for Band A on 2024-11-10.
Schedule 1 updated to band Band B on 2024-11-15.
Schedule with ID 1 deleted.
[       OK ] PublicTransportationSchedulerTest.TestScheduleManagement (0 ms)
[----------] 1 test from PublicTransportationSchedulerTest (0 ms total)

[----------] Global test environment tear-down
[==========] 1 test from 1 test suite ran. (0 ms total)
[  PASSED  ] 1 test.
</system-out>
	</testcase>
	<testcase name="PublicTransportationSchedulerTest.TestVendorAndSponsorManagement" classname="PublicTransportationSchedulerTest.TestVendorAndSponsorManagement" time="0.0183961" status="run">
		<properties/>
		<system-out>Running main() from C:\Users\yoruk\Desktop\1\ce205-midterm-\src\tests\googletest\googletest\src\gtest_main.cc
Note: Google Test filter = PublicTransportationSchedulerTest.TestVendorAndSponsorManagement
[==========] Running 1 test from 1 test suite.
[----------] Global test environment set-up.
[----------] 1 test from PublicTransportationSchedulerTest
[ RUN      ] PublicTransportationSchedulerTest.TestVendorAndSponsorManagement
[       OK ] PublicTransportationSchedulerTest.TestVendorAndSponsorManagement (0 ms)
[----------] 1 test from PublicTransportationSchedulerTest (0 ms total)

[----------] Global test environment tear-down
[==========] 1 test from 1 test suite ran. (0 ms total)
[  PASSED  ] 1 test.
</system-out>
	</testcase>
	<testcase name="PublicTransportationSchedulerTest.TestBPlusTreeOperations" classname="PublicTransportationSchedulerTest.TestBPlusTreeOperations" time="0.0244098" status="run">
		<properties/>
		<system-out>Running main() from C:\Users\yoruk\Desktop\1\ce205-midterm-\src\tests\googletest\googletest\src\gtest_main.cc
Note: Google Test filter = PublicTransportationSchedulerTest.TestBPlusTreeOperations
[==========] Running 1 test from 1 test suite.
[----------] Global test environment set-up.
[----------] 1 test from PublicTransportationSchedulerTest
[ RUN      ] PublicTransportationSchedulerTest.TestBPlusTreeOperations
[       OK ] PublicTransportationSchedulerTest.TestBPlusTreeOperations (0 ms)
[----------] 1 test from PublicTransportationSchedulerTest (0 ms total)

[----------] Global test environment tear-down
[==========] 1 test from 1 test suite ran. (0 ms total)
[  PASSED  ] 1 test.
</system-out>
	</testcase>
	<testcase name="PublicTransportationSchedulerTest.TestGenerateSalesReport" classname="PublicTransportationSchedulerTest.TestGenerateSalesReport" time="0.0172875" status="run">
		<properties/>
		<system-out>Running main() from C:\Users\yoruk\Desktop\1\ce205-midterm-\src\tests\googletest\googletest\src\gtest_main.cc
Note: Google Test filter = PublicTransportationSchedulerTest.TestGenerateSalesReport
[==========] Running 1 test from 1 test suite.
[----------] Global test environment set-up.
[----------] 1 test from PublicTransportationSchedulerTest
[ RUN      ] PublicTransportationSchedulerTest.TestGenerateSalesReport
[       OK ] PublicTransportationSchedulerTest.TestGenerateSalesReport (1 ms)
[----------] 1 test from PublicTransportationSchedulerTest (1 ms total)

[----------] Global test environment tear-down
[==========] 1 test from 1 test suite ran. (1 ms total)
[  PASSED  ] 1 test.
</system-out>
	</testcase>
	<testcase name="PublicTransportationSchedulerTest.TestCompleteFlow" classname="PublicTransportationSchedulerTest.TestCompleteFlow" time="0.0187295" status="run">
		<properties/>
		<system-out>Running main() from C:\Users\yoruk\Desktop\1\ce205-midterm-\src\tests\googletest\googletest\src\gtest_main.cc
Note: Google Test filter = PublicTransportationSchedulerTest.TestCompleteFlow
[==========] Running 1 test from 1 test suite.
[----------] Global test environment set-up.
[----------] 1 test from PublicTransportationSchedulerTest
[ RUN      ] PublicTransportationSchedulerTest.TestCompleteFlow
Username already exists.
Login successful. Redirecting to main menu...
[       OK ] PublicTransportationSchedulerTest.TestCompleteFlow (0 ms)
[----------] 1 test from PublicTransportationSchedulerTest (0 ms total)

[----------] Global test environment tear-down
[==========] 1 test from 1 test suite ran. (0 ms total)
[  PASSED  ] 1 test.
</system-out>
	</testcase>
	<testcase name="GlobalDefinitionsTest.TestScheduleDatabase" classname="GlobalDefinitionsTest.TestScheduleDatabase" time="0.0275594" status="run">
		<properties/>
		<system-out>Running main() from C:\Users\yoruk\Desktop\1\ce205-midterm-\src\tests\googletest\googletest\src\gtest_main.cc
Note: Google Test filter = GlobalDefinitionsTest.TestScheduleDatabase
[==========] Running 1 test from 1 test suite.
[----------] Global test environment set-up.
[----------] 1 test from GlobalDefinitionsTest
[ RUN      ] GlobalDefinitionsTest.TestScheduleDatabase
[       OK ] GlobalDefinitionsTest.TestScheduleDatabase (0 ms)
[----------] 1 test from GlobalDefinitionsTest (0 ms total)

[----------] Global test environment tear-down
[==========] 1 test from 1 test suite ran. (0 ms total)
[  PASSED  ] 1 test.
</system-out>
	</testcase>
	<testcase name="GlobalDefinitionsTest.TestSalesDatabase" classname="GlobalDefinitionsTest.TestSalesDatabase" time="0.014603" status="run">
		<properties/>
		<system-out>Running main() from C:\Users\yoruk\Desktop\1\ce205-midterm-\src\tests\googletest\googletest\src\gtest_main.cc
Note: Google Test filter = GlobalDefinitionsTest.TestSalesDatabase
[==========] Running 1 test from 1 test suite.
[----------] Global test environment set-up.
[----------] 1 test from GlobalDefinitionsTest
[ RUN      ] GlobalDefinitionsTest.TestSalesDatabase
[       OK ] GlobalDefinitionsTest.TestSalesDatabase (0 ms)
[----------] 1 test from GlobalDefinitionsTest (0 ms total)

[----------] Global test environment tear-down
[==========] 1 test from 1 test suite ran. (0 ms total)
[  PASSED  ] 1 test.
</system-out>
	</testcase>
	<testcase name="GlobalDefinitionsTest.TestVendorDatabase" classname="GlobalDefinitionsTest.TestVendorDatabase" time="0.0301265" status="run">
		<properties/>
		<system-out>Running main() from C:\Users\yoruk\Desktop\1\ce205-midterm-\src\tests\googletest\googletest\src\gtest_main.cc
Note: Google Test filter = GlobalDefinitionsTest.TestVendorDatabase
[==========] Running 1 test from 1 test suite.
[----------] Global test environment set-up.
[----------] 1 test from GlobalDefinitionsTest
[ RUN      ] GlobalDefinitionsTest.TestVendorDatabase
[       OK ] GlobalDefinitionsTest.TestVendorDatabase (0 ms)
[----------] 1 test from GlobalDefinitionsTest (0 ms total)

[----------] Global test environment tear-down
[==========] 1 test from 1 test suite ran. (0 ms total)
[  PASSED  ] 1 test.
</system-out>
	</testcase>
	<testcase name="GlobalDefinitionsTest.TestSponsorDatabase" classname="GlobalDefinitionsTest.TestSponsorDatabase" time="0.0181017" status="run">
		<properties/>
		<system-out>Running main() from C:\Users\yoruk\Desktop\1\ce205-midterm-\src\tests\googletest\googletest\src\gtest_main.cc
Note: Google Test filter = GlobalDefinitionsTest.TestSponsorDatabase
[==========] Running 1 test from 1 test suite.
[----------] Global test environment set-up.
[----------] 1 test from GlobalDefinitionsTest
[ RUN      ] GlobalDefinitionsTest.TestSponsorDatabase
[       OK ] GlobalDefinitionsTest.TestSponsorDatabase (0 ms)
[----------] 1 test from GlobalDefinitionsTest (0 ms total)

[----------] Global test environment tear-down
[==========] 1 test from 1 test suite ran. (0 ms total)
[  PASSED  ] 1 test.
</system-out>
	</testcase>
	<testcase name="GlobalDefinitionsTest.TestRouteListHead" classname="GlobalDefinitionsTest.TestRouteListHead" time="0.0303294" status="run">
		<properties/>
		<system-out>Running main() from C:\Users\yoruk\Desktop\1\ce205-midterm-\src\tests\googletest\googletest\src\gtest_main.cc
Note: Google Test filter = GlobalDefinitionsTest.TestRouteListHead
[==========] Running 1 test from 1 test suite.
[----------] Global test environment set-up.
[----------] 1 test from GlobalDefinitionsTest
[ RUN      ] GlobalDefinitionsTest.TestRouteListHead
[       OK ] GlobalDefinitionsTest.TestRouteListHead (0 ms)
[----------] 1 test from GlobalDefinitionsTest (0 ms total)

[----------] Global test environment tear-down
[==========] 1 test from 1 test suite ran. (0 ms total)
[  PASSED  ] 1 test.
</system-out>
	</testcase>
	<testcase name="HashTableTest.TestAddUserToHashTable" classname="HashTableTest.TestAddUserToHashTable" time="0.0212576" status="run">
		<properties/>
		<system-out>Running main() from C:\Users\yoruk\Desktop\1\ce205-midterm-\src\tests\googletest\googletest\src\gtest_main.cc
Note: Google Test filter = HashTableTest.TestAddUserToHashTable
[==========] Running 1 test from 1 test suite.
[----------] Global test environment set-up.
[----------] 1 test from HashTableTest
[ RUN      ] HashTableTest.TestAddUserToHashTable
[       OK ] HashTableTest.TestAddUserToHashTable (0 ms)
[----------] 1 test from HashTableTest (0 ms total)

[----------] Global test environment tear-down
[==========] 1 test from 1 test suite ran. (0 ms total)
[  PASSED  ] 1 test.
</system-out>
	</testcase>
	<testcase name="HashTableTest.TestUserNotInHashTable" classname="HashTableTest.TestUserNotInHashTable" time="0.0197526" status="run">
		<properties/>
		<system-out>Running main() from C:\Users\yoruk\Desktop\1\ce205-midterm-\src\tests\googletest\googletest\src\gtest_main.cc
Note: Google Test filter = HashTableTest.TestUserNotInHashTable
[==========] Running 1 test from 1 test suite.
[----------] Global test environment set-up.
[----------] 1 test from HashTableTest
[ RUN      ] HashTableTest.TestUserNotInHashTable
[       OK ] HashTableTest.TestUserNotInHashTable (0 ms)
[----------] 1 test from HashTableTest (0 ms total)

[----------] Global test environment tear-down
[==========] 1 test from 1 test suite ran. (0 ms total)
[  PASSED  ] 1 test.
</system-out>
	</testcase>
	<testcase name="RouteStructTest.TestRouteCreation" classname="RouteStructTest.TestRouteCreation" time="0.0223896" status="run">
		<properties/>
		<system-out>Running main() from C:\Users\yoruk\Desktop\1\ce205-midterm-\src\tests\googletest\googletest\src\gtest_main.cc
Note: Google Test filter = RouteStructTest.TestRouteCreation
[==========] Running 1 test from 1 test suite.
[----------] Global test environment set-up.
[----------] 1 test from RouteStructTest
[ RUN      ] RouteStructTest.TestRouteCreation
[       OK ] RouteStructTest.TestRouteCreation (0 ms)
[----------] 1 test from RouteStructTest (0 ms total)

[----------] Global test environment tear-down
[==========] 1 test from 1 test suite ran. (0 ms total)
[  PASSED  ] 1 test.
</system-out>
	</testcase>
	<testcase name="StackTest.TestPushAndPop" classname="StackTest.TestPushAndPop" time="0.0210659" status="run">
		<properties/>
		<system-out>Running main() from C:\Users\yoruk\Desktop\1\ce205-midterm-\src\tests\googletest\googletest\src\gtest_main.cc
Note: Google Test filter = StackTest.TestPushAndPop
[==========] Running 1 test from 1 test suite.
[----------] Global test environment set-up.
[----------] 1 test from StackTest
[ RUN      ] StackTest.TestPushAndPop
[       OK ] StackTest.TestPushAndPop (0 ms)
[----------] 1 test from StackTest (0 ms total)

[----------] Global test environment tear-down
[==========] 1 test from 1 test suite ran. (0 ms total)
[  PASSED  ] 1 test.
</system-out>
	</testcase>
	<testcase name="QueueTest.TestEnqueueAndDequeue" classname="QueueTest.TestEnqueueAndDequeue" time="0.0222348" status="run">
		<properties/>
		<system-out>Running main() from C:\Users\yoruk\Desktop\1\ce205-midterm-\src\tests\googletest\googletest\src\gtest_main.cc
Note: Google Test filter = QueueTest.TestEnqueueAndDequeue
[==========] Running 1 test from 1 test suite.
[----------] Global test environment set-up.
[----------] 1 test from QueueTest
[ RUN      ] QueueTest.TestEnqueueAndDequeue
[       OK ] QueueTest.TestEnqueueAndDequeue (0 ms)
[----------] 1 test from QueueTest (0 ms total)

[----------] Global test environment tear-down
[==========] 1 test from 1 test suite ran. (0 ms total)
[  PASSED  ] 1 test.
</system-out>
	</testcase>
	<testcase name="HeapTest.TestInsertAndExtractMin" classname="HeapTest.TestInsertAndExtractMin" time="0.0160247" status="run">
		<properties/>
		<system-out>Running main() from C:\Users\yoruk\Desktop\1\ce205-midterm-\src\tests\googletest\googletest\src\gtest_main.cc
Note: Google Test filter = HeapTest.TestInsertAndExtractMin
[==========] Running 1 test from 1 test suite.
[----------] Global test environment set-up.
[----------] 1 test from HeapTest
[ RUN      ] HeapTest.TestInsertAndExtractMin
[       OK ] HeapTest.TestInsertAndExtractMin (0 ms)
[----------] 1 test from HeapTest (0 ms total)

[----------] Global test environment tear-down
[==========] 1 test from 1 test suite ran. (0 ms total)
[  PASSED  ] 1 test.
</system-out>
	</testcase>
	<testcase name="PublicTransportationSchedulerStructTest.TestUserStruct" classname="PublicTransportationSchedulerStructTest.TestUserStruct" time="0.0256858" status="run">
		<properties/>
		<system-out>Running main() from C:\Users\yoruk\Desktop\1\ce205-midterm-\src\tests\googletest\googletest\src\gtest_main.cc
Note: Google Test filter = PublicTransportationSchedulerStructTest.TestUserStruct
[==========] Running 1 test from 1 test suite.
[----------] Global test environment set-up.
[----------] 1 test from PublicTransportationSchedulerStructTest
[ RUN      ] PublicTransportationSchedulerStructTest.TestUserStruct
[       OK ] PublicTransportationSchedulerStructTest.TestUserStruct (0 ms)
[----------] 1 test from PublicTransportationSchedulerStructTest (0 ms total)

[----------] Global test environment tear-down
[==========] 1 test from 1 test suite ran. (0 ms total)
[  PASSED  ] 1 test.
</system-out>
	</testcase>
	<testcase name="PublicTransportationSchedulerStructTest.TestBandStruct" classname="PublicTransportationSchedulerStructTest.TestBandStruct" time="0.025421" status="run">
		<properties/>
		<system-out>Running main() from C:\Users\yoruk\Desktop\1\ce205-midterm-\src\tests\googletest\googletest\src\gtest_main.cc
Note: Google Test filter = PublicTransportationSchedulerStructTest.TestBandStruct
[==========] Running 1 test from 1 test suite.
[----------] Global test environment set-up.
[----------] 1 test from PublicTransportationSchedulerStructTest
[ RUN      ] PublicTransportationSchedulerStructTest.TestBandStruct
[       OK ] PublicTransportationSchedulerStructTest.TestBandStruct (0 ms)
[----------] 1 test from PublicTransportationSchedulerStructTest (0 ms total)

[----------] Global test environment tear-down
[==========] 1 test from 1 test suite ran. (0 ms total)
[  PASSED  ] 1 test.
</system-out>
	</testcase>
	<testcase name="PublicTransportationSchedulerStructTest.TestScheduleNodeStruct" classname="PublicTransportationSchedulerStructTest.TestScheduleNodeStruct" time="0.0251105" status="run">
		<properties/>
		<system-out>Running main() from C:\Users\yoruk\Desktop\1\ce205-midterm-\src\tests\googletest\googletest\src\gtest_main.cc
Note: Google Test filter = PublicTransportationSchedulerStructTest.TestScheduleNodeStruct
[==========] Running 1 test from 1 test suite.
[----------] Global test environment set-up.
[----------] 1 test from PublicTransportationSchedulerStructTest
[ RUN      ] PublicTransportationSchedulerStructTest.TestScheduleNodeStruct
[       OK ] PublicTransportationSchedulerStructTest.TestScheduleNodeStruct (0 ms)
[----------] 1 test from PublicTransportationSchedulerStructTest (0 ms total)

[----------] Global test environment tear-down
[==========] 1 test from 1 test suite ran. (0 ms total)
[  PASSED  ] 1 test.
</system-out>
	</testcase>
	<testcase name="PublicTransportationSchedulerStructTest.TestTicketSaleStruct" classname="PublicTransportationSchedulerStructTest.TestTicketSaleStruct" time="0.0155023" status="run">
		<properties/>
		<system-out>Running main() from C:\Users\yoruk\Desktop\1\ce205-midterm-\src\tests\googletest\googletest\src\gtest_main.cc
Note: Google Test filter = PublicTransportationSchedulerStructTest.TestTicketSaleStruct
[==========] Running 1 test from 1 test suite.
[----------] Global test environment set-up.
[----------] 1 test from PublicTransportationSchedulerStructTest
[ RUN      ] PublicTransportationSchedulerStructTest.TestTicketSaleStruct
[       OK ] PublicTransportationSchedulerStructTest.TestTicketSaleStruct (0 ms)
[----------] 1 test from PublicTransportationSchedulerStructTest (0 ms total)

[----------] Global test environment tear-down
[==========] 1 test from 1 test suite ran. (0 ms total)
[  PASSED  ] 1 test.
</system-out>
	</testcase>
	<testcase name="PublicTransportationSchedulerStructTest.TestVendorStruct" classname="PublicTransportationSchedulerStructTest.TestVendorStruct" time="0.0312232" status="run">
		<properties/>
		<system-out>Running main() from C:\Users\yoruk\Desktop\1\ce205-midterm-\src\tests\googletest\googletest\src\gtest_main.cc
Note: Google Test filter = PublicTransportationSchedulerStructTest.TestVendorStruct
[==========] Running 1 test from 1 test suite.
[----------] Global test environment set-up.
[----------] 1 test from PublicTransportationSchedulerStructTest
[ RUN      ] PublicTransportationSchedulerStructTest.TestVendorStruct
[       OK ] PublicTransportationSchedulerStructTest.TestVendorStruct (0 ms)
[----------] 1 test from PublicTransportationSchedulerStructTest (0 ms total)

[----------] Global test environment tear-down
[==========] 1 test from 1 test suite ran. (0 ms total)
[  PASSED  ] 1 test.
</system-out>
	</testcase>
	<testcase name="PublicTransportationSchedulerStructTest.TestDoubleNodeStruct" classname="PublicTransportationSchedulerStructTest.TestDoubleNodeStruct" time="0.0211865" status="run">
		<properties/>
		<system-out>Running main() from C:\Users\yoruk\Desktop\1\ce205-midterm-\src\tests\googletest\googletest\src\gtest_main.cc
Note: Google Test filter = PublicTransportationSchedulerStructTest.TestDoubleNodeStruct
[==========] Running 1 test from 1 test suite.
[----------] Global test environment set-up.
[----------] 1 test from PublicTransportationSchedulerStructTest
[ RUN      ] PublicTransportationSchedulerStructTest.TestDoubleNodeStruct
[       OK ] PublicTransportationSchedulerStructTest.TestDoubleNodeStruct (0 ms)
[----------] 1 test from PublicTransportationSchedulerStructTest (0 ms total)

[----------] Global test environment tear-down
[==========] 1 test from 1 test suite ran. (0 ms total)
[  PASSED  ] 1 test.
</system-out>
	</testcase>
	<testcase name="PublicTransportationSchedulerStructTest.TestXORNodeStruct" classname="PublicTransportationSchedulerStructTest.TestXORNodeStruct" time="0.0242931" status="run">
		<properties/>
		<system-out>Running main() from C:\Users\yoruk\Desktop\1\ce205-midterm-\src\tests\googletest\googletest\src\gtest_main.cc
Note: Google Test filter = PublicTransportationSchedulerStructTest.TestXORNodeStruct
[==========] Running 1 test from 1 test suite.
[----------] Global test environment set-up.
[----------] 1 test from PublicTransportationSchedulerStructTest
[ RUN      ] PublicTransportationSchedulerStructTest.TestXORNodeStruct
[       OK ] PublicTransportationSchedulerStructTest.TestXORNodeStruct (0 ms)
[----------] 1 test from PublicTransportationSchedulerStructTest (0 ms total)

[----------] Global test environment tear-down
[==========] 1 test from 1 test suite ran. (0 ms total)
[  PASSED  ] 1 test.
</system-out>
	</testcase>
	<testcase name="PublicTransportationSchedulerStructTest.TestSparseMatrixNodeStruct" classname="PublicTransportationSchedulerStructTest.TestSparseMatrixNodeStruct" time="0.0221912" status="run">
		<properties/>
		<system-out>Running main() from C:\Users\yoruk\Desktop\1\ce205-midterm-\src\tests\googletest\googletest\src\gtest_main.cc
Note: Google Test filter = PublicTransportationSchedulerStructTest.TestSparseMatrixNodeStruct
[==========] Running 1 test from 1 test suite.
[----------] Global test environment set-up.
[----------] 1 test from PublicTransportationSchedulerStructTest
[ RUN      ] PublicTransportationSchedulerStructTest.TestSparseMatrixNodeStruct
[       OK ] PublicTransportationSchedulerStructTest.TestSparseMatrixNodeStruct (0 ms)
[----------] 1 test from PublicTransportationSchedulerStructTest (0 ms total)

[----------] Global test environment tear-down
[==========] 1 test from 1 test suite ran. (0 ms total)
[  PASSED  ] 1 test.
</system-out>
	</testcase>
	<testcase name="PublicTransportationSchedulerStructTest.TestSponsorStruct" classname="PublicTransportationSchedulerStructTest.TestSponsorStruct" time="0.0222452" status="run">
		<properties/>
		<system-out>Running main() from C:\Users\yoruk\Desktop\1\ce205-midterm-\src\tests\googletest\googletest\src\gtest_main.cc
Note: Google Test filter = PublicTransportationSchedulerStructTest.TestSponsorStruct
[==========] Running 1 test from 1 test suite.
[----------] Global test environment set-up.
[----------] 1 test from PublicTransportationSchedulerStructTest
[ RUN      ] PublicTransportationSchedulerStructTest.TestSponsorStruct
[       OK ] PublicTransportationSchedulerStructTest.TestSponsorStruct (0 ms)
[----------] 1 test from PublicTransportationSchedulerStructTest (0 ms total)

[----------] Global test environment tear-down
[==========] 1 test from 1 test suite ran. (0 ms total)
[  PASSED  ] 1 test.
</system-out>
	</testcase>
	<testcase name="PublicTransportationSchedulerStructsTest.TestUserCreation" classname="PublicTransportationSchedulerStructsTest.TestUserCreation" time="0.0221138" status="run">
		<properties/>
		<system-out>Running main() from C:\Users\yoruk\Desktop\1\ce205-midterm-\src\tests\googletest\googletest\src\gtest_main.cc
Note: Google Test filter = PublicTransportationSchedulerStructsTest.TestUserCreation
[==========] Running 1 test from 1 test suite.
[----------] Global test environment set-up.
[----------] 1 test from PublicTransportationSchedulerStructsTest
[ RUN      ] PublicTransportationSchedulerStructsTest.TestUserCreation
[       OK ] PublicTransportationSchedulerStructsTest.TestUserCreation (0 ms)
[----------] 1 test from PublicTransportationSchedulerStructsTest (0 ms total)

[----------] Global test environment tear-down
[==========] 1 test from 1 test suite ran. (0 ms total)
[  PASSED  ] 1 test.
</system-out>
	</testcase>
	<testcase name="PublicTransportationSchedulerStructsTest.TestBandCreation" classname="PublicTransportationSchedulerStructsTest.TestBandCreation" time="0.0214342" status="run">
		<properties/>
		<system-out>Running main() from C:\Users\yoruk\Desktop\1\ce205-midterm-\src\tests\googletest\googletest\src\gtest_main.cc
Note: Google Test filter = PublicTransportationSchedulerStructsTest.TestBandCreation
[==========] Running 1 test from 1 test suite.
[----------] Global test environment set-up.
[----------] 1 test from PublicTransportationSchedulerStructsTest
[ RUN      ] PublicTransportationSchedulerStructsTest.TestBandCreation
[       OK ] PublicTransportationSchedulerStructsTest.TestBandCreation (0 ms)
[----------] 1 test from PublicTransportationSchedulerStructsTest (0 ms total)

[----------] Global test environment tear-down
[==========] 1 test from 1 test suite ran. (0 ms total)
[  PASSED  ] 1 test.
</system-out>
	</testcase>
	<testcase name="PublicTransportationSchedulerStructsTest.TestScheduleNodeCreationAndLinking" classname="PublicTransportationSchedulerStructsTest.TestScheduleNodeCreationAndLinking" time="0.0205427" status="run">
		<properties/>
		<system-out>Running main() from C:\Users\yoruk\Desktop\1\ce205-midterm-\src\tests\googletest\googletest\src\gtest_main.cc
Note: Google Test filter = PublicTransportationSchedulerStructsTest.TestScheduleNodeCreationAndLinking
[==========] Running 1 test from 1 test suite.
[----------] Global test environment set-up.
[----------] 1 test from PublicTransportationSchedulerStructsTest
[ RUN      ] PublicTransportationSchedulerStructsTest.TestScheduleNodeCreationAndLinking
[       OK ] PublicTransportationSchedulerStructsTest.TestScheduleNodeCreationAndLinking (0 ms)
[----------] 1 test from PublicTransportationSchedulerStructsTest (0 ms total)

[----------] Global test environment tear-down
[==========] 1 test from 1 test suite ran. (0 ms total)
[  PASSED  ] 1 test.
</system-out>
	</testcase>
	<testcase name="PublicTransportationSchedulerStructsTest.TestTicketSaleCreation" classname="PublicTransportationSchedulerStructsTest.TestTicketSaleCreation" time="0.0151702" status="run">
		<properties/>
		<system-out>Running main() from C:\Users\yoruk\Desktop\1\ce205-midterm-\src\tests\googletest\googletest\src\gtest_main.cc
Note: Google Test filter = PublicTransportationSchedulerStructsTest.TestTicketSaleCreation
[==========] Running 1 test from 1 test suite.
[----------] Global test environment set-up.
[----------] 1 test from PublicTransportationSchedulerStructsTest
[ RUN      ] PublicTransportationSchedulerStructsTest.TestTicketSaleCreation
[       OK ] PublicTransportationSchedulerStructsTest.TestTicketSaleCreation (0 ms)
[----------] 1 test from PublicTransportationSchedulerStructsTest (0 ms total)

[----------] Global test environment tear-down
[==========] 1 test from 1 test suite ran. (0 ms total)
[  PASSED  ] 1 test.
</system-out>
	</testcase>
	<testcase name="PublicTransportationSchedulerStructsTest.TestVendorCreationAndLinking" classname="PublicTransportationSchedulerStructsTest.TestVendorCreationAndLinking" time="0.0217323" status="run">
		<properties/>
		<system-out>Running main() from C:\Users\yoruk\Desktop\1\ce205-midterm-\src\tests\googletest\googletest\src\gtest_main.cc
Note: Google Test filter = PublicTransportationSchedulerStructsTest.TestVendorCreationAndLinking
[==========] Running 1 test from 1 test suite.
[----------] Global test environment set-up.
[----------] 1 test from PublicTransportationSchedulerStructsTest
[ RUN      ] PublicTransportationSchedulerStructsTest.TestVendorCreationAndLinking
[       OK ] PublicTransportationSchedulerStructsTest.TestVendorCreationAndLinking (0 ms)
[----------] 1 test from PublicTransportationSchedulerStructsTest (0 ms total)

[----------] Global test environment tear-down
[==========] 1 test from 1 test suite ran. (0 ms total)
[  PASSED  ] 1 test.
</system-out>
	</testcase>
	<testcase name="PublicTransportationSchedulerStructsTest.TestSponsorCreationAndLinking" classname="PublicTransportationSchedulerStructsTest.TestSponsorCreationAndLinking" time="0.0261145" status="run">
		<properties/>
		<system-out>Running main() from C:\Users\yoruk\Desktop\1\ce205-midterm-\src\tests\googletest\googletest\src\gtest_main.cc
Note: Google Test filter = PublicTransportationSchedulerStructsTest.TestSponsorCreationAndLinking
[==========] Running 1 test from 1 test suite.
[----------] Global test environment set-up.
[----------] 1 test from PublicTransportationSchedulerStructsTest
[ RUN      ] PublicTransportationSchedulerStructsTest.TestSponsorCreationAndLinking
[       OK ] PublicTransportationSchedulerStructsTest.TestSponsorCreationAndLinking (0 ms)
[----------] 1 test from PublicTransportationSchedulerStructsTest (0 ms total)

[----------] Global test environment tear-down
[==========] 1 test from 1 test suite ran. (0 ms total)
[  PASSED  ] 1 test.
</system-out>
	</testcase>
	<testcase name="PublicTransportationSchedulerStructsTest.TestDoubleNodeCreationAndLinking" classname="PublicTransportationSchedulerStructsTest.TestDoubleNodeCreationAndLinking" time="0.0242821" status="run">
		<properties/>
		<system-out>Running main() from C:\Users\yoruk\Desktop\1\ce205-midterm-\src\tests\googletest\googletest\src\gtest_main.cc
Note: Google Test filter = PublicTransportationSchedulerStructsTest.TestDoubleNodeCreationAndLinking
[==========] Running 1 test from 1 test suite.
[----------] Global test environment set-up.
[----------] 1 test from PublicTransportationSchedulerStructsTest
[ RUN      ] PublicTransportationSchedulerStructsTest.TestDoubleNodeCreationAndLinking
[       OK ] PublicTransportationSchedulerStructsTest.TestDoubleNodeCreationAndLinking (0 ms)
[----------] 1 test from PublicTransportationSchedulerStructsTest (0 ms total)

[----------] Global test environment tear-down
[==========] 1 test from 1 test suite ran. (0 ms total)
[  PASSED  ] 1 test.
</system-out>
	</testcase>
	<testcase name="PublicTransportationSchedulerStructsTest.TestXORNodeCreationAndLinking" classname="PublicTransportationSchedulerStructsTest.TestXORNodeCreationAndLinking" time="0.0174315" status="run">
		<properties/>
		<system-out>Running main() from C:\Users\yoruk\Desktop\1\ce205-midterm-\src\tests\googletest\googletest\src\gtest_main.cc
Note: Google Test filter = PublicTransportationSchedulerStructsTest.TestXORNodeCreationAndLinking
[==========] Running 1 test from 1 test suite.
[----------] Global test environment set-up.
[----------] 1 test from PublicTransportationSchedulerStructsTest
[ RUN      ] PublicTransportationSchedulerStructsTest.TestXORNodeCreationAndLinking
[       OK ] PublicTransportationSchedulerStructsTest.TestXORNodeCreationAndLinking (0 ms)
[----------] 1 test from PublicTransportationSchedulerStructsTest (0 ms total)

[----------] Global test environment tear-down
[==========] 1 test from 1 test suite ran. (0 ms total)
[  PASSED  ] 1 test.
</system-out>
	</testcase>
	<testcase name="PublicTransportationSchedulerStructsTest.TestSparseMatrixNodeCreationAndLinking" classname="PublicTransportationSchedulerStructsTest.TestSparseMatrixNodeCreationAndLinking" time="0.0297695" status="run">
		<properties/>
		<system-out>Running main() from C:\Users\yoruk\Desktop\1\ce205-midterm-\src\tests\googletest\googletest\src\gtest_main.cc
Note: Google Test filter = PublicTransportationSchedulerStructsTest.TestSparseMatrixNodeCreationAndLinking
[==========] Running 1 test from 1 test suite.
[----------] Global test environment set-up.
[----------] 1 test from PublicTransportationSchedulerStructsTest
[ RUN      ] PublicTransportationSchedulerStructsTest.TestSparseMatrixNodeCreationAndLinking
[       OK ] PublicTransportationSchedulerStructsTest.TestSparseMatrixNodeCreationAndLinking (0 ms)
[----------] 1 test from PublicTransportationSchedulerStructsTest (0 ms total)

[----------] Global test environment tear-down
[==========] 1 test from 1 test suite ran. (0 ms total)
[  PASSED  ] 1 test.
</system-out>
	</testcase>
	<testcase name="PublicTransportationSchedulerStructsTest.TestNodeStackAndQueueOperations" classname="PublicTransportationSchedulerStructsTest.TestNodeStackAndQueueOperations" time="0.0121722" status="run">
		<properties/>
		<system-out>Running main() from C:\Users\yoruk\Desktop\1\ce205-midterm-\src\tests\googletest\googletest\src\gtest_main.cc
Note: Google Test filter = PublicTransportationSchedulerStructsTest.TestNodeStackAndQueueOperations
[==========] Running 1 test from 1 test suite.
[----------] Global test environment set-up.
[----------] 1 test from PublicTransportationSchedulerStructsTest
[ RUN      ] PublicTransportationSchedulerStructsTest.TestNodeStackAndQueueOperations
[       OK ] PublicTransportationSchedulerStructsTest.TestNodeStackAndQueueOperations (0 ms)
[----------] 1 test from PublicTransportationSchedulerStructsTest (0 ms total)

[----------] Global test environment tear-down
[==========] 1 test from 1 test suite ran. (0 ms total)
[  PASSED  ] 1 test.
</system-out>
	</testcase>
	<testcase name="PublicTransportationSchedulerStructsTest.TestBPlusTreeNodeCreation" classname="PublicTransportationSchedulerStructsTest.TestBPlusTreeNodeCreation" time="0.0134096" status="run">
		<properties/>
		<system-out>Running main() from C:\Users\yoruk\Desktop\1\ce205-midterm-\src\tests\googletest\googletest\src\gtest_main.cc
Note: Google Test filter = PublicTransportationSchedulerStructsTest.TestBPlusTreeNodeCreation
[==========] Running 1 test from 1 test suite.
[----------] Global test environment set-up.
[----------] 1 test from PublicTransportationSchedulerStructsTest
[ RUN      ] PublicTransportationSchedulerStructsTest.TestBPlusTreeNodeCreation
[       OK ] PublicTransportationSchedulerStructsTest.TestBPlusTreeNodeCreation (0 ms)
[----------] 1 test from PublicTransportationSchedulerStructsTest (0 ms total)

[----------] Global test environment tear-down
[==========] 1 test from 1 test suite ran. (0 ms total)
[  PASSED  ] 1 test.
</system-out>
	</testcase>
</testsuite>
