SF:C:\Users\yoruk\Desktop\ce205-final-aliemre-ihsanyoruk-sametanaz-canahmediyasarparlak-cpp\src\tests\publictransportationscheduler\publictransportationscheduler_test.cpp
DA:493,0
DA:500,0
DA:491,0
DA:8,0
DA:25,0
DA:6,0
DA:34,0
DA:49,0
DA:78,0
DA:91,0
DA:106,0
DA:119,0
DA:133,0
DA:153,0
DA:168,0
DA:175,0
DA:186,0
DA:208,0
DA:232,0
DA:264,0
DA:273,0
DA:280,0
DA:292,0
DA:301,0
DA:314,0
DA:326,0
DA:339,0
DA:350,0
DA:359,0
DA:379,0
DA:395,0
DA:404,0
DA:413,0
DA:422,0
DA:431,0
DA:444,0
DA:456,0
DA:466,0
DA:478,0
DA:509,0
DA:518,0
DA:525,0
DA:537,0
DA:546,0
DA:558,0
DA:570,0
DA:581,0
DA:593,0
DA:604,0
DA:626,0
DA:641,0
DA:1,0
end_of_record
SF:C:\Users\yoruk\Desktop\ce205-final-aliemre-ihsanyoruk-sametanaz-canahmediyasarparlak-cpp\[generated]
DA:1,0
end_of_record
SF:C:\Users\yoruk\Desktop\ce205-final-aliemre-ihsanyoruk-sametanaz-canahmediyasarparlak-cpp\README.md
DA:1,0
end_of_record
SF:C:\Users\yoruk\Desktop\ce205-final-aliemre-ihsanyoruk-sametanaz-canahmediyasarparlak-cpp\src\tests\utility\utility_test.cpp
DA:1,0
end_of_record
