SF:C:\Users\yoruk\Desktop\1\ce205-midterm-\src\tests\publictransportationscheduler\publictransportationscheduler_test.cpp
DA:491,0
DA:498,0
DA:489,0
DA:8,0
DA:25,0
DA:6,0
DA:34,0
DA:48,0
DA:76,0
DA:89,0
DA:104,0
DA:117,0
DA:131,0
DA:151,0
DA:166,0
DA:173,0
DA:184,0
DA:206,0
DA:230,0
DA:262,0
DA:271,0
DA:278,0
DA:290,0
DA:299,0
DA:312,0
DA:324,0
DA:337,0
DA:348,0
DA:357,0
DA:377,0
DA:393,0
DA:402,0
DA:411,0
DA:420,0
DA:429,0
DA:442,0
DA:454,0
DA:464,0
DA:476,0
DA:507,0
DA:516,0
DA:523,0
DA:535,0
DA:544,0
DA:556,0
DA:568,0
DA:579,0
DA:591,0
DA:602,0
DA:624,0
DA:639,0
DA:1,0
end_of_record
SF:C:\Users\yoruk\Desktop\1\ce205-midterm-\[generated]
DA:1,0
end_of_record
SF:C:\Users\yoruk\Desktop\1\ce205-midterm-\README.md
DA:1,0
end_of_record
SF:C:\Users\yoruk\Desktop\1\ce205-midterm-\src\tests\utility\utility_test.cpp
DA:1,0
end_of_record
