SF:C:\Users\yoruk\Desktop\ce205-final-aliemre-ihsanyoruk-sametanaz-canahmediyasarparlak-cpp\src\publictransportationscheduler\header\publictransportationscheduler.h
DA:17,0
DA:16,0
DA:91,0
DA:92,0
DA:93,0
DA:94,0
DA:95,0
DA:96,0
DA:90,0
DA:59,0
DA:60,0
DA:61,0
DA:62,0
DA:63,0
DA:64,0
DA:58,0
DA:83,0
DA:84,0
DA:82,0
DA:22,0
DA:23,0
DA:24,0
DA:25,0
DA:26,0
DA:21,0
DA:75,0
DA:76,0
DA:77,0
DA:78,0
DA:74,0
DA:47,0
DA:48,0
DA:49,0
DA:50,0
DA:46,0
DA:33,0
DA:34,0
DA:35,0
DA:36,0
DA:32,0
DA:11,0
DA:12,0
DA:10,0
DA:40,0
DA:41,0
DA:42,0
DA:43,0
DA:39,0
DA:69,0
DA:70,0
DA:68,0
DA:88,0
DA:27,0
DA:44,0
DA:51,0
DA:65,0
DA:71,0
DA:79,0
DA:85,0
DA:97,0
DA:29,0
DA:54,0
DA:55,0
DA:99,0
DA:102,1
DA:103,1
DA:104,1
DA:105,1
DA:107,1
DA:108,1
DA:110,1
DA:111,1
DA:113,1
DA:115,1
DA:116,1
DA:117,1
DA:118,1
DA:120,1
DA:121,1
DA:123,1
DA:124,1
DA:126,1
DA:127,1
DA:129,1
DA:131,1
DA:132,1
DA:133,1
DA:134,1
DA:136,1
DA:137,1
DA:138,1
DA:139,1
DA:140,1
DA:142,1
DA:143,1
DA:144,1
DA:145,1
DA:147,1
DA:148,0
DA:149,1
DA:150,1
DA:153,1
DA:154,1
DA:155,1
DA:156,1
DA:158,1
DA:159,1
DA:160,1
DA:161,1
DA:162,1
DA:164,1
DA:165,1
DA:166,1
DA:170,1
DA:171,1
DA:1,0
end_of_record
SF:C:\Users\yoruk\Desktop\ce205-final-aliemre-ihsanyoruk-sametanaz-canahmediyasarparlak-cpp\src\utility\header\mathUtility.h
DA:30,1
DA:42,1
DA:56,1
DA:69,1
DA:18,1
DA:12,0
DA:13,0
DA:1,1
end_of_record
SF:C:\Users\yoruk\Desktop\ce205-final-aliemre-ihsanyoruk-sametanaz-canahmediyasarparlak-cpp\src\publictransportationscheduler\src\publictransportationscheduler.cpp
DA:33,0
DA:34,0
DA:32,0
DA:29,0
DA:12,0
DA:13,0
DA:14,0
DA:15,0
DA:16,0
DA:17,0
DA:18,0
DA:19,0
DA:21,0
DA:22,0
DA:23,0
DA:24,0
DA:25,0
DA:30,0
DA:281,0
DA:282,0
DA:344,0
DA:345,0
DA:42,1
DA:53,1
DA:64,1
DA:80,1
DA:100,1
DA:120,1
DA:139,1
DA:157,1
DA:189,1
DA:201,1
DA:220,1
DA:242,1
DA:251,1
DA:270,1
DA:288,1
DA:299,1
DA:313,1
DA:329,1
DA:351,1
DA:366,1
DA:394,1
DA:411,1
DA:430,1
DA:438,1
DA:450,1
DA:491,1
DA:505,1
DA:519,1
DA:539,1
DA:568,1
DA:582,1
DA:594,1
DA:610,1
DA:626,1
DA:644,1
DA:664,1
DA:683,1
DA:713,1
DA:743,1
DA:762,1
DA:801,1
DA:819,1
DA:848,1
DA:890,1
DA:909,1
DA:916,1
DA:940,1
DA:969,1
DA:994,1
DA:1032,1
DA:1047,1
DA:1059,1
DA:1075,1
DA:1091,1
DA:1109,1
DA:1127,1
DA:1145,1
DA:1163,1
DA:1177,1
DA:1,0
end_of_record
SF:C:\Users\yoruk\Desktop\ce205-final-aliemre-ihsanyoruk-sametanaz-canahmediyasarparlak-cpp\README.md
DA:1,0
end_of_record
SF:C:\Users\yoruk\Desktop\ce205-final-aliemre-ihsanyoruk-sametanaz-canahmediyasarparlak-cpp\src\publictransportationschedulerapp\header\publictransportationschedulerapp.h
DA:7,1
DA:8,1
DA:9,1
DA:10,1
DA:11,1
DA:12,1
DA:16,1
DA:17,1
DA:18,1
DA:1,0
end_of_record
SF:C:\Users\yoruk\Desktop\ce205-final-aliemre-ihsanyoruk-sametanaz-canahmediyasarparlak-cpp\src\publictransportationschedulerapp\src\publictransportationschedulerapp.cpp
DA:16,1
DA:28,1
DA:44,1
DA:66,1
DA:143,1
DA:252,1
DA:326,1
DA:397,1
DA:454,1
DA:525,1
DA:1,0
end_of_record
SF:C:\Users\yoruk\Desktop\ce205-final-aliemre-ihsanyoruk-sametanaz-canahmediyasarparlak-cpp\src\utility\header\commonTypes.h
DA:1,1
end_of_record
SF:C:\Users\yoruk\Desktop\ce205-final-aliemre-ihsanyoruk-sametanaz-canahmediyasarparlak-cpp\src\utility\src\mathUtility.cpp
DA:1,1
end_of_record
